<?xml version="1.0" encoding="UTF-8"?>
<!-- Generated by org.testng.reporters.JUnitReportReporter -->
<testsuite hostname="CognitiveClouds" name="com.retailer.testcases.TestCreateGlobalProduct" tests="5" failures="0" timestamp="19 May 2016 07:18:39 GMT" time="289.723" errors="0">
  <testcase name="verifyEditedProduct" time="18.376" classname="com.retailer.testcases.TestCreateGlobalProduct"/>
  <testcase name="verifyGlobalProduct" time="39.336" classname="com.retailer.testcases.TestCreateGlobalProduct"/>
  <testcase name="editProduct" time="127.336" classname="com.retailer.testcases.TestCreateGlobalProduct"/>
  <testcase name="deleteProduct" time="24.240" classname="com.retailer.testcases.TestCreateGlobalProduct"/>
  <testcase name="createProduct" time="80.435" classname="com.retailer.testcases.TestCreateGlobalProduct"/>
</testsuite> <!-- com.retailer.testcases.TestCreateGlobalProduct -->
