<?xml version="1.0" encoding="UTF-8"?>
<!-- Generated by org.testng.reporters.JUnitReportReporter -->
<testsuite hostname="CognitiveClouds" name="com.generic.methods.SuperClass" tests="2" failures="0" timestamp="10 May 2016 08:06:00 GMT" time="23.488" errors="0">
  <testcase name="closeApp" time="1.258" classname="com.generic.methods.SuperClass"/>
  <testcase name="launchApp" time="22.230" classname="com.generic.methods.SuperClass"/>
</testsuite> <!-- com.generic.methods.SuperClass -->
