<?xml version="1.0" encoding="UTF-8"?>
<!-- Generated by org.testng.reporters.JUnitReportReporter -->
<testsuite hostname="CognitiveClouds" name="com.retailer.testcases.TestRejectOrder" tests="2" failures="0" timestamp="19 May 2016 13:59:30 GMT" time="49.254" errors="0">
  <testcase name="editOrder1" time="27.550" classname="com.retailer.testcases.TestRejectOrder"/>
  <testcase name="deleteOrder2" time="21.704" classname="com.retailer.testcases.TestRejectOrder"/>
</testsuite> <!-- com.retailer.testcases.TestRejectOrder -->
