<?xml version="1.0" encoding="UTF-8"?>
<!-- Generated by org.testng.reporters.JUnitReportReporter -->
<testsuite hostname="CognitiveClouds" name="com.retailer.testcases.TestCreateOtherProducts" tests="2" failures="0" timestamp="17 May 2016 06:30:22 GMT" time="110.457" errors="0">
  <testcase name="verifyCreatedProduct" time="18.754" classname="com.retailer.testcases.TestCreateOtherProducts"/>
  <testcase name="createProduct" time="91.703" classname="com.retailer.testcases.TestCreateOtherProducts"/>
</testsuite> <!-- com.retailer.testcases.TestCreateOtherProducts -->
