<?xml version="1.0" encoding="UTF-8"?>
<!-- Generated by org.testng.reporters.JUnitReportReporter -->
<testsuite hostname="CognitiveClouds" name="com.retailer.testcases.TestCreateOtherGlobalProduct" tests="2" failures="0" timestamp="19 May 2016 07:28:33 GMT" time="109.992" errors="0">
  <testcase name="verifyGlobalProduct" time="36.805" classname="com.retailer.testcases.TestCreateOtherGlobalProduct"/>
  <testcase name="createProduct" time="73.187" classname="com.retailer.testcases.TestCreateOtherGlobalProduct"/>
</testsuite> <!-- com.retailer.testcases.TestCreateOtherGlobalProduct -->
