<?xml version="1.0" encoding="UTF-8"?>
<!-- Generated by org.testng.reporters.JUnitReportReporter -->
<testsuite hostname="CognitiveClouds" name="com.retailer.testcases.TestOrderProcess" tests="6" failures="0" timestamp="23 May 2016 06:20:18 GMT" time="165.149" errors="0">
  <testcase name="acceptOrder" time="20.659" classname="com.retailer.testcases.TestOrderProcess"/>
  <testcase name="incrementOrder" time="47.730" classname="com.retailer.testcases.TestOrderProcess"/>
  <testcase name="decrementOrder" time="22.801" classname="com.retailer.testcases.TestOrderProcess"/>
  <testcase name="updateOrder" time="21.355" classname="com.retailer.testcases.TestOrderProcess"/>
  <testcase name="rejectOrder" time="31.603" classname="com.retailer.testcases.TestOrderProcess"/>
  <testcase name="deleteOrder2" time="21.001" classname="com.retailer.testcases.TestOrderProcess"/>
</testsuite> <!-- com.retailer.testcases.TestOrderProcess -->
