<?xml version="1.0" encoding="UTF-8"?>
<!-- Generated by org.testng.reporters.JUnitReportReporter -->
<testsuite hostname="CognitiveClouds" name="com.retailer.testcases.TestSettings" tests="2" failures="0" timestamp="25 May 2016 07:03:44 GMT" time="78.091" errors="0">
  <testcase name="modifyDelivery" time="47.116" classname="com.retailer.testcases.TestSettings"/>
  <testcase name="chooseCity" time="30.975" classname="com.retailer.testcases.TestSettings"/>
</testsuite> <!-- com.retailer.testcases.TestSettings -->
