<?xml version="1.0" encoding="UTF-8"?>
<!-- Generated by org.testng.reporters.JUnitReportReporter -->
<testsuite hostname="CognitiveClouds" name="com.retailer.testcases.TestLoginLogout" tests="2" failures="0" timestamp="16 May 2016 05:53:16 GMT" time="32.176" errors="0">
  <testcase name="login" time="27.488" classname="com.retailer.testcases.TestLoginLogout"/>
  <testcase name="testAppLaunch" time="4.688" classname="com.retailer.testcases.TestLoginLogout"/>
</testsuite> <!-- com.retailer.testcases.TestLoginLogout -->
